<?xml version="1.0" encoding="UTF-8"?>
<!-- Generated by org.testng.reporters.JUnitReportReporter -->
<testsuite hostname="LAPTOP-JMP6FOES" name="com.OrangeHRM.TestCases.TC_LoginPage" tests="1" failures="0" timestamp="20 Jan 2020 15:21:02 GMT" time="12.754" errors="0">
  <testcase name="LoginPage" time="12.754" classname="com.OrangeHRM.TestCases.TC_LoginPage"/>
</testsuite> <!-- com.OrangeHRM.TestCases.TC_LoginPage -->
